# JRE version: OpenJDK Runtime Environment (8.0_242-b01) (build 1.8.0_242-release-1644-b01)
# Java VM: OpenJDK 64-Bit Server VM (25.242-b01 mixed mode windows-amd64 compressed oops)
Heap:
 PSYoungGen      total 442368K, used 193119K [0x00000000e0000000, 0x00000000ff680000, 0x0000000100000000)
  eden space 380416K, 42% used [0x00000000e0000000,0x00000000e9eacab8,0x00000000f7380000)
  from space 61952K, 49% used [0x00000000fba00000,0x00000000fd7eb1a0,0x00000000ff680000)
  to   space 67072K, 0% used [0x00000000f7380000,0x00000000f7380000,0x00000000fb500000)
 ParOldGen       total 530432K, used 107467K [0x00000000a0000000, 0x00000000c0600000, 0x00000000e0000000)
  object space 530432K, 20% used [0x00000000a0000000,0x00000000a68f2cd0,0x00000000c0600000)
 Metaspace       used 105448K, capacity 112040K, committed 112936K, reserved 1146880K
  class space    used 13291K, capacity 14679K, committed 14896K, reserved 1048576K
GC Heap History (10 events):
Event: 288.473 GC heap before
{Heap before GC invocations=20 (full 4):
 PSYoungGen      total 440832K, used 51763K [0x00000000e0000000, 0x0000000100000000, 0x0000000100000000)
  eden space 363520K, 0% used [0x00000000e0000000,0x00000000e0000000,0x00000000f6300000)
  from space 77312K, 66% used [0x00000000fb400000,0x00000000fe68ce98,0x00000000fff80000)
  to   space 80384K, 0% used [0x00000000f6300000,0x00000000f6300000,0x00000000fb180000)
 ParOldGen       total 329728K, used 119588K [0x00000000a0000000, 0x00000000b4200000, 0x00000000e0000000)
  object space 329728K, 36% used [0x00000000a0000000,0x00000000a74c9208,0x00000000b4200000)
 Metaspace       used 90984K, capacity 98510K, committed 98600K, reserved 1134592K
  class space    used 11694K, capacity 13324K, committed 13360K, reserved 1048576K
Event: 288.625 GC heap after
Heap after GC invocations=20 (full 4):
 PSYoungGen      total 440832K, used 0K [0x00000000e0000000, 0x0000000100000000, 0x0000000100000000)
  eden space 363520K, 0% used [0x00000000e0000000,0x00000000e0000000,0x00000000f6300000)
  from space 77312K, 0% used [0x00000000fb400000,0x00000000fb400000,0x00000000fff80000)
  to   space 80384K, 0% used [0x00000000f6300000,0x00000000f6300000,0x00000000fb180000)
 ParOldGen       total 530432K, used 107419K [0x00000000a0000000, 0x00000000c0600000, 0x00000000e0000000)
  object space 530432K, 20% used [0x00000000a0000000,0x00000000a68e6cd0,0x00000000c0600000)
 Metaspace       used 90151K, capacity 96250K, committed 98600K, reserved 1134592K
  class space    used 11444K, capacity 12766K, committed 13360K, reserved 1048576K
}
Event: 290.291 GC heap before
{Heap before GC invocations=21 (full 4):
 PSYoungGen      total 440832K, used 363520K [0x00000000e0000000, 0x0000000100000000, 0x0000000100000000)
  eden space 363520K, 100% used [0x00000000e0000000,0x00000000f6300000,0x00000000f6300000)
  from space 77312K, 0% used [0x00000000fb400000,0x00000000fb400000,0x00000000fff80000)
  to   space 80384K, 0% used [0x00000000f6300000,0x00000000f6300000,0x00000000fb180000)
 ParOldGen       total 530432K, used 107419K [0x00000000a0000000, 0x00000000c0600000, 0x00000000e0000000)
  object space 530432K, 20% used [0x00000000a0000000,0x00000000a68e6cd0,0x00000000c0600000)
 Metaspace       used 96240K, capacity 102364K, committed 104232K, reserved 1140736K
  class space    used 12155K, capacity 13465K, committed 13872K, reserved 1048576K
Event: 290.309 GC heap after
Heap after GC invocations=21 (full 4):
 PSYoungGen      total 443904K, used 21951K [0x00000000e0000000, 0x00000000ffd00000, 0x0000000100000000)
  eden space 363520K, 0% used [0x00000000e0000000,0x00000000e0000000,0x00000000f6300000)
  from space 80384K, 27% used [0x00000000f6300000,0x00000000f786ff90,0x00000000fb180000)
  to   space 77312K, 0% used [0x00000000fb180000,0x00000000fb180000,0x00000000ffd00000)
 ParOldGen       total 530432K, used 107435K [0x00000000a0000000, 0x00000000c0600000, 0x00000000e0000000)
  object space 530432K, 20% used [0x00000000a0000000,0x00000000a68eacd0,0x00000000c0600000)
 Metaspace       used 96240K, capacity 102364K, committed 104232K, reserved 1140736K
  class space    used 12155K, capacity 13465K, committed 13872K, reserved 1048576K
}
Event: 291.778 GC heap before
{Heap before GC invocations=22 (full 4):
 PSYoungGen      total 443904K, used 385471K [0x00000000e0000000, 0x00000000ffd00000, 0x0000000100000000)
  eden space 363520K, 100% used [0x00000000e0000000,0x00000000f6300000,0x00000000f6300000)
  from space 80384K, 27% used [0x00000000f6300000,0x00000000f786ff90,0x00000000fb180000)
  to   space 77312K, 0% used [0x00000000fb180000,0x00000000fb180000,0x00000000ffd00000)
 ParOldGen       total 530432K, used 107435K [0x00000000a0000000, 0x00000000c0600000, 0x00000000e0000000)
  object space 530432K, 20% used [0x00000000a0000000,0x00000000a68eacd0,0x00000000c0600000)
 Metaspace       used 99961K, capacity 106094K, committed 107688K, reserved 1142784K
  class space    used 12520K, capacity 13862K, committed 14256K, reserved 1048576K
Event: 291.797 GC heap after
Heap after GC invocations=22 (full 4):
 PSYoungGen      total 435712K, used 30648K [0x00000000e0000000, 0x00000000ff500000, 0x0000000100000000)
  eden space 366592K, 0% used [0x00000000e0000000,0x00000000e0000000,0x00000000f6600000)
  from space 69120K, 44% used [0x00000000fb180000,0x00000000fcf6e118,0x00000000ff500000)
  to   space 73216K, 0% used [0x00000000f6600000,0x00000000f6600000,0x00000000fad80000)
 ParOldGen       total 530432K, used 107451K [0x00000000a0000000, 0x00000000c0600000, 0x00000000e0000000)
  object space 530432K, 20% used [0x00000000a0000000,0x00000000a68eecd0,0x00000000c0600000)
 Metaspace       used 99961K, capacity 106094K, committed 107688K, reserved 1142784K
  class space    used 12520K, capacity 13862K, committed 14256K, reserved 1048576K
}
Event: 294.096 GC heap before
{Heap before GC invocations=23 (full 4):
 PSYoungGen      total 435712K, used 397240K [0x00000000e0000000, 0x00000000ff500000, 0x0000000100000000)
  eden space 366592K, 100% used [0x00000000e0000000,0x00000000f6600000,0x00000000f6600000)
  from space 69120K, 44% used [0x00000000fb180000,0x00000000fcf6e118,0x00000000ff500000)
  to   space 73216K, 0% used [0x00000000f6600000,0x00000000f6600000,0x00000000fad80000)
 ParOldGen       total 530432K, used 107451K [0x00000000a0000000, 0x00000000c0600000, 0x00000000e0000000)
  object space 530432K, 20% used [0x00000000a0000000,0x00000000a68eecd0,0x00000000c0600000)
 Metaspace       used 102029K, capacity 108296K, committed 109736K, reserved 1144832K
  class space    used 12790K, capacity 14157K, committed 14512K, reserved 1048576K
Event: 294.112 GC heap after
Heap after GC invocations=23 (full 4):
 PSYoungGen      total 439808K, used 35876K [0x00000000e0000000, 0x00000000fff00000, 0x0000000100000000)
  eden space 366592K, 0% used [0x00000000e0000000,0x00000000e0000000,0x00000000f6600000)
  from space 73216K, 49% used [0x00000000f6600000,0x00000000f89092d0,0x00000000fad80000)
  to   space 70656K, 0% used [0x00000000fba00000,0x00000000fba00000,0x00000000fff00000)
 ParOldGen       total 530432K, used 107459K [0x00000000a0000000, 0x00000000c0600000, 0x00000000e0000000)
  object space 530432K, 20% used [0x00000000a0000000,0x00000000a68f0cd0,0x00000000c0600000)
 Metaspace       used 102029K, capacity 108296K, committed 109736K, reserved 1144832K
  class space    used 12790K, capacity 14157K, committed 14512K, reserved 1048576K
}
Event: 296.967 GC heap before
{Heap before GC invocations=24 (full 4):
 PSYoungGen      total 439808K, used 402468K [0x00000000e0000000, 0x00000000fff00000, 0x0000000100000000)
  eden space 366592K, 100% used [0x00000000e0000000,0x00000000f6600000,0x00000000f6600000)
  from space 73216K, 49% used [0x00000000f6600000,0x00000000f89092d0,0x00000000fad80000)
  to   space 70656K, 0% used [0x00000000fba00000,0x00000000fba00000,0x00000000fff00000)
 ParOldGen       total 530432K, used 107459K [0x00000000a0000000, 0x00000000c0600000, 0x00000000e0000000)
  object space 530432K, 20% used [0x00000000a0000000,0x00000000a68f0cd0,0x00000000c0600000)
 Metaspace       used 103590K, capacity 110012K, committed 111272K, reserved 1146880K
  class space    used 13035K, capacity 14429K, committed 14768K, reserved 1048576K
Event: 296.985 GC heap after
Heap after GC invocations=24 (full 4):
 PSYoungGen      total 442368K, used 30636K [0x00000000e0000000, 0x00000000ff680000, 0x0000000100000000)
  eden space 380416K, 0% used [0x00000000e0000000,0x00000000e0000000,0x00000000f7380000)
  from space 61952K, 49% used [0x00000000fba00000,0x00000000fd7eb1a0,0x00000000ff680000)
  to   space 67072K, 0% used [0x00000000f7380000,0x00000000f7380000,0x00000000fb500000)
 ParOldGen       total 530432K, used 107467K [0x00000000a0000000, 0x00000000c0600000, 0x00000000e0000000)
  object space 530432K, 20% used [0x00000000a0000000,0x00000000a68f2cd0,0x00000000c0600000)
 Metaspace       used 103590K, capacity 110012K, committed 111272K, reserved 1146880K
  class space    used 13035K, capacity 14429K, committed 14768K, reserved 1048576K
}

