# JRE version: OpenJDK Runtime Environment (8.0_242-b01) (build 1.8.0_242-release-1644-b01)
# Java VM: OpenJDK 64-Bit Server VM (25.242-b01 mixed mode windows-amd64 compressed oops)
Heap:
 PSYoungGen      total 361984K, used 237356K [0x00000000e0000000, 0x00000000f9900000, 0x0000000100000000)
  eden space 336896K, 63% used [0x00000000e0000000,0x00000000ecf4f178,0x00000000f4900000)
  from space 25088K, 99% used [0x00000000f8080000,0x00000000f98fc030,0x00000000f9900000)
  to   space 31232K, 0% used [0x00000000f5c00000,0x00000000f5c00000,0x00000000f7a80000)
 ParOldGen       total 322048K, used 42596K [0x00000000a0000000, 0x00000000b3a80000, 0x00000000e0000000)
  object space 322048K, 13% used [0x00000000a0000000,0x00000000a29991c8,0x00000000b3a80000)
 Metaspace       used 71096K, capacity 75200K, committed 75432K, reserved 1114112K
  class space    used 9553K, capacity 10562K, committed 10672K, reserved 1048576K
GC Heap History (10 events):
Event: 2.256 GC heap before
{Heap before GC invocations=7 (full 2):
 PSYoungGen      total 208896K, used 11158K [0x00000000e0000000, 0x00000000f1a00000, 0x0000000100000000)
  eden space 193024K, 0% used [0x00000000e0000000,0x00000000e0000000,0x00000000ebc80000)
  from space 15872K, 70% used [0x00000000ebc80000,0x00000000ec765a10,0x00000000ecc00000)
  to   space 15360K, 0% used [0x00000000f0b00000,0x00000000f0b00000,0x00000000f1a00000)
 ParOldGen       total 141824K, used 7513K [0x00000000a0000000, 0x00000000a8a80000, 0x00000000e0000000)
  object space 141824K, 5% used [0x00000000a0000000,0x00000000a0756710,0x00000000a8a80000)
 Metaspace       used 34514K, capacity 35416K, committed 35496K, reserved 1079296K
  class space    used 4726K, capacity 4973K, committed 5040K, reserved 1048576K
Event: 2.285 GC heap after
Heap after GC invocations=7 (full 2):
 PSYoungGen      total 208896K, used 0K [0x00000000e0000000, 0x00000000f1a00000, 0x0000000100000000)
  eden space 193024K, 0% used [0x00000000e0000000,0x00000000e0000000,0x00000000ebc80000)
  from space 15872K, 0% used [0x00000000ebc80000,0x00000000ebc80000,0x00000000ecc00000)
  to   space 15360K, 0% used [0x00000000f0b00000,0x00000000f0b00000,0x00000000f1a00000)
 ParOldGen       total 220672K, used 17403K [0x00000000a0000000, 0x00000000ad780000, 0x00000000e0000000)
  object space 220672K, 7% used [0x00000000a0000000,0x00000000a10fee70,0x00000000ad780000)
 Metaspace       used 34514K, capacity 35416K, committed 35496K, reserved 1079296K
  class space    used 4726K, capacity 4973K, committed 5040K, reserved 1048576K
}
Event: 3.537 GC heap before
{Heap before GC invocations=8 (full 2):
 PSYoungGen      total 208896K, used 193024K [0x00000000e0000000, 0x00000000f1a00000, 0x0000000100000000)
  eden space 193024K, 100% used [0x00000000e0000000,0x00000000ebc80000,0x00000000ebc80000)
  from space 15872K, 0% used [0x00000000ebc80000,0x00000000ebc80000,0x00000000ecc00000)
  to   space 15360K, 0% used [0x00000000f0b00000,0x00000000f0b00000,0x00000000f1a00000)
 ParOldGen       total 220672K, used 17403K [0x00000000a0000000, 0x00000000ad780000, 0x00000000e0000000)
  object space 220672K, 7% used [0x00000000a0000000,0x00000000a10fee70,0x00000000ad780000)
 Metaspace       used 49907K, capacity 51628K, committed 51880K, reserved 1093632K
  class space    used 6580K, capacity 6993K, committed 7088K, reserved 1048576K
Event: 3.548 GC heap after
Heap after GC invocations=8 (full 2):
 PSYoungGen      total 267776K, used 15353K [0x00000000e0000000, 0x00000000f3b00000, 0x0000000100000000)
  eden space 252416K, 0% used [0x00000000e0000000,0x00000000e0000000,0x00000000ef680000)
  from space 15360K, 99% used [0x00000000f0b00000,0x00000000f19fe720,0x00000000f1a00000)
  to   space 20992K, 0% used [0x00000000ef680000,0x00000000ef680000,0x00000000f0b00000)
 ParOldGen       total 220672K, used 24341K [0x00000000a0000000, 0x00000000ad780000, 0x00000000e0000000)
  object space 220672K, 11% used [0x00000000a0000000,0x00000000a17c5558,0x00000000ad780000)
 Metaspace       used 49907K, capacity 51628K, committed 51880K, reserved 1093632K
  class space    used 6580K, capacity 6993K, committed 7088K, reserved 1048576K
}
Event: 4.190 GC heap before
{Heap before GC invocations=9 (full 2):
 PSYoungGen      total 267776K, used 150525K [0x00000000e0000000, 0x00000000f3b00000, 0x0000000100000000)
  eden space 252416K, 53% used [0x00000000e0000000,0x00000000e8400f28,0x00000000ef680000)
  from space 15360K, 99% used [0x00000000f0b00000,0x00000000f19fe720,0x00000000f1a00000)
  to   space 20992K, 0% used [0x00000000ef680000,0x00000000ef680000,0x00000000f0b00000)
 ParOldGen       total 220672K, used 24341K [0x00000000a0000000, 0x00000000ad780000, 0x00000000e0000000)
  object space 220672K, 11% used [0x00000000a0000000,0x00000000a17c5558,0x00000000ad780000)
 Metaspace       used 56923K, capacity 59024K, committed 59160K, reserved 1099776K
  class space    used 7591K, capacity 8109K, committed 8112K, reserved 1048576K
Event: 4.204 GC heap after
Heap after GC invocations=9 (full 2):
 PSYoungGen      total 273408K, used 20976K [0x00000000e0000000, 0x00000000f9900000, 0x0000000100000000)
  eden space 252416K, 0% used [0x00000000e0000000,0x00000000e0000000,0x00000000ef680000)
  from space 20992K, 99% used [0x00000000ef680000,0x00000000f0afc010,0x00000000f0b00000)
  to   space 25088K, 0% used [0x00000000f8080000,0x00000000f8080000,0x00000000f9900000)
 ParOldGen       total 220672K, used 26834K [0x00000000a0000000, 0x00000000ad780000, 0x00000000e0000000)
  object space 220672K, 12% used [0x00000000a0000000,0x00000000a1a348c8,0x00000000ad780000)
 Metaspace       used 56923K, capacity 59024K, committed 59160K, reserved 1099776K
  class space    used 7591K, capacity 8109K, committed 8112K, reserved 1048576K
}
Event: 4.204 GC heap before
{Heap before GC invocations=10 (full 3):
 PSYoungGen      total 273408K, used 20976K [0x00000000e0000000, 0x00000000f9900000, 0x0000000100000000)
  eden space 252416K, 0% used [0x00000000e0000000,0x00000000e0000000,0x00000000ef680000)
  from space 20992K, 99% used [0x00000000ef680000,0x00000000f0afc010,0x00000000f0b00000)
  to   space 25088K, 0% used [0x00000000f8080000,0x00000000f8080000,0x00000000f9900000)
 ParOldGen       total 220672K, used 26834K [0x00000000a0000000, 0x00000000ad780000, 0x00000000e0000000)
  object space 220672K, 12% used [0x00000000a0000000,0x00000000a1a348c8,0x00000000ad780000)
 Metaspace       used 56923K, capacity 59024K, committed 59160K, reserved 1099776K
  class space    used 7591K, capacity 8109K, committed 8112K, reserved 1048576K
Event: 4.323 GC heap after
Heap after GC invocations=10 (full 3):
 PSYoungGen      total 273408K, used 0K [0x00000000e0000000, 0x00000000f9900000, 0x0000000100000000)
  eden space 252416K, 0% used [0x00000000e0000000,0x00000000e0000000,0x00000000ef680000)
  from space 20992K, 0% used [0x00000000ef680000,0x00000000ef680000,0x00000000f0b00000)
  to   space 25088K, 0% used [0x00000000f8080000,0x00000000f8080000,0x00000000f9900000)
 ParOldGen       total 322048K, used 36493K [0x00000000a0000000, 0x00000000b3a80000, 0x00000000e0000000)
  object space 322048K, 11% used [0x00000000a0000000,0x00000000a23a3630,0x00000000b3a80000)
 Metaspace       used 56860K, capacity 58838K, committed 59160K, reserved 1099776K
  class space    used 7574K, capacity 8058K, committed 8112K, reserved 1048576K
}
Event: 5.916 GC heap before
{Heap before GC invocations=11 (full 3):
 PSYoungGen      total 273408K, used 252416K [0x00000000e0000000, 0x00000000f9900000, 0x0000000100000000)
  eden space 252416K, 100% used [0x00000000e0000000,0x00000000ef680000,0x00000000ef680000)
  from space 20992K, 0% used [0x00000000ef680000,0x00000000ef680000,0x00000000f0b00000)
  to   space 25088K, 0% used [0x00000000f8080000,0x00000000f8080000,0x00000000f9900000)
 ParOldGen       total 322048K, used 36493K [0x00000000a0000000, 0x00000000b3a80000, 0x00000000e0000000)
  object space 322048K, 11% used [0x00000000a0000000,0x00000000a23a3630,0x00000000b3a80000)
 Metaspace       used 67193K, capacity 70744K, committed 70952K, reserved 1110016K
  class space    used 9058K, capacity 9949K, committed 10032K, reserved 1048576K
Event: 5.936 GC heap after
Heap after GC invocations=11 (full 3):
 PSYoungGen      total 361984K, used 25072K [0x00000000e0000000, 0x00000000f9900000, 0x0000000100000000)
  eden space 336896K, 0% used [0x00000000e0000000,0x00000000e0000000,0x00000000f4900000)
  from space 25088K, 99% used [0x00000000f8080000,0x00000000f98fc030,0x00000000f9900000)
  to   space 31232K, 0% used [0x00000000f5c00000,0x00000000f5c00000,0x00000000f7a80000)
 ParOldGen       total 322048K, used 42596K [0x00000000a0000000, 0x00000000b3a80000, 0x00000000e0000000)
  object space 322048K, 13% used [0x00000000a0000000,0x00000000a29991c8,0x00000000b3a80000)
 Metaspace       used 67193K, capacity 70744K, committed 70952K, reserved 1110016K
  class space    used 9058K, capacity 9949K, committed 10032K, reserved 1048576K
}

